<?xml version="1.0" encoding="UTF-8"?>
<testsuite xmlns:xsi="http://www.w3.org/2001/XMLSchema-instance" xsi:noNamespaceSchemaLocation="https://maven.apache.org/surefire/maven-surefire-plugin/xsd/surefire-test-report.xsd" name="Hook.TestRunner" time="147.431" tests="3" errors="0" skipped="0" failures="0">
  <properties>
[...]
</properties>
  <testcase name="Navigate to SignIn Page from Landing page" classname="LandingPage Properties." time="52.748"/>
  <testcase name="Navigate to Registration Page from Landing page" classname="LandingPage Properties." time="47.918"/>
  <testcase name="Click Register button with out entering value in Required fields" classname="LandingPage Properties." time="43.308"/>
</testsuite>